0 info it worked if it ends with ok
1 verbose cli [ 'C:\\Program Files\\nodejs\\node.exe',
1 verbose cli   'C:\\Users\\user\\AppData\\Roaming\\npm\\node_modules\\npm\\bin\\npm-cli.js',
1 verbose cli   'run',
1 verbose cli   'start-with-mock' ]
2 info using npm@3.1.0
3 info using node@v6.9.4
4 verbose stack Error: Failed to parse json
4 verbose stack Trailing comma in object at 30:1
4 verbose stack }
4 verbose stack ^
4 verbose stack     at parseError (C:\Users\user\AppData\Roaming\npm\node_modules\npm\node_modules\read-package-json\read-json.js:379:11)
4 verbose stack     at parseJson (C:\Users\user\AppData\Roaming\npm\node_modules\npm\node_modules\read-package-json\read-json.js:68:23)
4 verbose stack     at C:\Users\user\AppData\Roaming\npm\node_modules\npm\node_modules\read-package-json\read-json.js:48:5
4 verbose stack     at tryToString (evalmachine.<anonymous>:455:3)
4 verbose stack     at FSReqWrap.readFileAfterClose [as oncomplete] (evalmachine.<anonymous>:442:12)
5 verbose cwd C:\kxh\Development\github.bobenut\rcontact\src\frontend
6 error Windows_NT 10.0.10586
7 error argv "C:\\Program Files\\nodejs\\node.exe" "C:\\Users\\user\\AppData\\Roaming\\npm\\node_modules\\npm\\bin\\npm-cli.js" "run" "start-with-mock"
8 error node v6.9.4
9 error npm  v3.1.0
10 error file C:\kxh\Development\github.bobenut\rcontact\src\frontend\package.json
11 error code EJSONPARSE
12 error Failed to parse json
12 error Trailing comma in object at 30:1
12 error }
12 error ^
13 error File: C:\kxh\Development\github.bobenut\rcontact\src\frontend\package.json
14 error Failed to parse package.json data.
14 error package.json must be actual JSON, not just JavaScript.
14 error
14 error This is not a bug in npm.
14 error Tell the package author to fix their package.json file. JSON.parse
15 verbose exit [ 1, true ]
